[19:56:36] [main/INFO] (FabricLoader/GameProvider) Loading Minecraft 1.19.2 with Fabric Loader 0.14.9
[19:56:37] [main/INFO] (FabricLoader) Loading 8 mods:
	- baritone-meteor 1.19.2-SNAPSHOT
	- eze 0.0.0
	- fabric-resource-loader-v0 0.6.1+aeb40ebe90
	- fabricloader 0.14.9
	- java 17
	- meteor-client 0.5.1-1674
	- minecraft 1.19.2
	- seedcrackerx-api 2.10.1
[19:56:37] [main/INFO] (FabricLoader/Mixin) SpongePowered MIXIN Subsystem Version=0.8.5 Source=file:/C:/Users/matti/.gradle/caches/modules-2/files-2.1/net.fabricmc/sponge-mixin/0.11.4+mixin.0.8.5/c1dc27696aa4006e492c2485c9ccbcb26045a971/sponge-mixin-0.11.4+mixin.0.8.5.jar Service=Knot/Fabric Env=CLIENT
[19:56:37] [main/INFO] (FabricLoader/Mixin) Loaded Fabric development mappings for mixin remapper!
[19:56:37] [main/INFO] (FabricLoader/Mixin) Compatibility level set to JAVA_16
[19:56:37] [main/INFO] (FabricLoader/Mixin) Compatibility level set to JAVA_17
[19:56:38] [main/WARN] (FileUtil) Configuration conflict: there is more than one oshi.properties file on the classpath
[19:56:39] [main/WARN] (FileUtil) Configuration conflict: there is more than one oshi.architecture.properties file on the classpath
[19:56:42] [main/INFO] (Minecraft) Building optimized datafixer
[19:56:46] [Render thread/INFO] (Minecraft) Environment: authHost='https://authserver.mojang.com', accountsHost='https://api.mojang.com', sessionHost='https://sessionserver.mojang.com', servicesHost='https://api.minecraftservices.com', name='PROD'
[19:56:47] [Render thread/ERROR] (Minecraft) Failed to verify authentication
com.mojang.authlib.exceptions.InvalidCredentialsException: Status: 401
	at com.mojang.authlib.exceptions.MinecraftClientHttpException.toAuthenticationException(MinecraftClientHttpException.java:56) ~[authlib-3.11.49.jar:?]
	at com.mojang.authlib.yggdrasil.YggdrasilUserApiService.fetchProperties(YggdrasilUserApiService.java:155) ~[authlib-3.11.49.jar:?]
	at com.mojang.authlib.yggdrasil.YggdrasilUserApiService.<init>(YggdrasilUserApiService.java:55) ~[authlib-3.11.49.jar:?]
	at com.mojang.authlib.yggdrasil.YggdrasilAuthenticationService.createUserApiService(YggdrasilAuthenticationService.java:161) ~[authlib-3.11.49.jar:?]
	at net.minecraft.client.MinecraftClient.createUserApiService(MinecraftClient.java:711) [minecraft-project-@-merged-named.jar:?]
	at net.minecraft.client.MinecraftClient.<init>(MinecraftClient.java:431) [minecraft-project-@-merged-named.jar:?]
	at net.minecraft.client.main.Main.main(Main.java:205) [minecraft-project-@-merged-named.jar:?]
	at net.minecraft.client.main.Main.main(Main.java:51) [minecraft-project-@-merged-named.jar:?]
	at net.fabricmc.loader.impl.game.minecraft.MinecraftGameProvider.launch(MinecraftGameProvider.java:461) [fabric-loader-0.14.9.jar:?]
	at net.fabricmc.loader.impl.launch.knot.Knot.launch(Knot.java:74) [fabric-loader-0.14.9.jar:?]
	at net.fabricmc.loader.impl.launch.knot.KnotClient.main(KnotClient.java:23) [fabric-loader-0.14.9.jar:?]
	at net.fabricmc.devlaunchinjector.Main.main(Main.java:86) [dev-launch-injector-0.2.1+build.8.jar:?]
Caused by: com.mojang.authlib.exceptions.MinecraftClientHttpException: Status: 401
	at com.mojang.authlib.minecraft.client.MinecraftClient.readInputStream(MinecraftClient.java:87) ~[authlib-3.11.49.jar:?]
	at com.mojang.authlib.minecraft.client.MinecraftClient.get(MinecraftClient.java:48) ~[authlib-3.11.49.jar:?]
	at com.mojang.authlib.yggdrasil.YggdrasilUserApiService.fetchProperties(YggdrasilUserApiService.java:129) ~[authlib-3.11.49.jar:?]
	... 10 more
[19:56:47] [Render thread/INFO] (Minecraft) Setting user: Player320
[19:56:47] [Render thread/WARN] (FabricLoader/Mixin) Discarding @Unique public method getCallbacks in meteor-client.mixins.json:SimpleOptionMixin from mod meteor-client because it already exists in net.minecraft.client.option.SimpleOption
[19:56:48] [Render thread/INFO] (Minecraft) Backend library: LWJGL version 3.3.1 SNAPSHOT
[19:56:53] [Worker-Main-12/ERROR] (Minecraft) Failed to retrieve profile key pair
java.io.IOException: Could not retrieve profile key pair
	at net.minecraft.client.util.ProfileKeys.fetchKeyPair(ProfileKeys.java:130) ~[minecraft-project-@-merged-named.jar:?]
	at net.minecraft.client.util.ProfileKeys.method_44291(ProfileKeys.java:69) ~[minecraft-project-@-merged-named.jar:?]
	at java.util.concurrent.CompletableFuture$AsyncSupply.run(CompletableFuture.java:1768) [?:?]
	at java.util.concurrent.CompletableFuture$AsyncSupply.exec(CompletableFuture.java:1760) [?:?]
	at java.util.concurrent.ForkJoinTask.doExec(ForkJoinTask.java:373) [?:?]
	at java.util.concurrent.ForkJoinPool$WorkQueue.topLevelExec(ForkJoinPool.java:1182) [?:?]
	at java.util.concurrent.ForkJoinPool.scan(ForkJoinPool.java:1655) [?:?]
	at java.util.concurrent.ForkJoinPool.runWorker(ForkJoinPool.java:1622) [?:?]
	at java.util.concurrent.ForkJoinWorkerThread.run(ForkJoinWorkerThread.java:165) [?:?]
[19:56:54] [Render thread/INFO] (Minecraft) Narrator library for x64 successfully loaded
[19:56:54] [Render thread/INFO] (Minecraft) Reloading ResourceManager: Default, Fabric Mods (SeedCrackerX API, Fabric Resource Loader (v0), Fabric Loader, Meteor Client, eze)
[19:56:54] [Render thread/INFO] (Minecraft) [STDOUT]: Baritone settings file not found, resetting.
[19:56:54] [Realms Notification Availability checker #1/INFO] (Minecraft) Could not authorize you against Realms server: Invalid session id
[19:56:55] [Render thread/INFO] (Meteor Client) Initializing Meteor Client
[19:56:57] [Render thread/INFO] (Reflections) Reflections took 2014 ms to scan 1 urls, producing 17 keys and 781 values
[19:56:59] [Render thread/INFO] (Meteor Client) Found 69 font families.
[19:57:00] [Render thread/INFO] (Reflections) Reflections took 100 ms to scan 1 urls, producing 7 keys and 127 values
[19:57:03] [Render thread/INFO] (eze-addon) Initializing eze
[19:57:03] [Render thread/INFO] (Meteor Client) Loading
[19:57:03] [Render thread/INFO] (Meteor Client) Loaded in 351 milliseconds
[19:57:03] [Render thread/INFO] (Reflections) Reflections took 183 ms to scan 1 urls, producing 17 keys and 781 values
[19:57:04] [Render thread/INFO] (Reflections) Reflections took 152 ms to scan 1 urls, producing 7 keys and 127 values
[19:57:04] [Render thread/WARN] (Minecraft) Missing sound for event: minecraft:item.goat_horn.play
[19:57:04] [Render thread/WARN] (Minecraft) Missing sound for event: minecraft:entity.goat.screaming.horn_break
[19:57:04] [Render thread/INFO] (Minecraft) OpenAL initialized on device OpenAL Soft on Speakers (Realtek(R) Audio)
[19:57:04] [Render thread/INFO] (Minecraft) Sound engine started
[19:57:04] [Render thread/INFO] (Minecraft) Created: 1024x1024x4 minecraft:textures/atlas/blocks.png-atlas
[19:57:04] [Render thread/INFO] (Minecraft) Created: 256x128x4 minecraft:textures/atlas/signs.png-atlas
[19:57:04] [Render thread/INFO] (Minecraft) Created: 1024x512x4 minecraft:textures/atlas/banner_patterns.png-atlas
[19:57:04] [Render thread/INFO] (Minecraft) Created: 1024x512x4 minecraft:textures/atlas/shield_patterns.png-atlas
[19:57:04] [Render thread/INFO] (Minecraft) Created: 256x256x4 minecraft:textures/atlas/chest.png-atlas
[19:57:04] [Render thread/INFO] (Minecraft) Created: 512x256x4 minecraft:textures/atlas/beds.png-atlas
[19:57:04] [Render thread/INFO] (Minecraft) Created: 512x256x4 minecraft:textures/atlas/shulker_boxes.png-atlas
[19:57:06] [Render thread/WARN] (Minecraft) Shader rendertype_entity_translucent_emissive could not find sampler named Sampler2 in the specified shader program.
[19:57:06] [Render thread/INFO] (Minecraft) Created: 512x256x0 minecraft:textures/atlas/particles.png-atlas
[19:57:06] [Render thread/INFO] (Minecraft) Created: 256x256x0 minecraft:textures/atlas/paintings.png-atlas
[19:57:06] [Render thread/INFO] (Minecraft) Created: 256x128x0 minecraft:textures/atlas/mob_effects.png-atlas
[19:57:09] [Render thread/INFO] (Meteor Client) Checking latest version of Meteor Client
[19:57:12] [Render thread/INFO] (Minecraft) Loaded 7 recipes
[19:57:12] [Render thread/INFO] (Minecraft) Loaded 1179 advancements
[19:57:14] [Worker-Main-16/ERROR] (Minecraft) Failed to retrieve profile key pair
java.io.IOException: Could not retrieve profile key pair
	at net.minecraft.client.util.ProfileKeys.fetchKeyPair(ProfileKeys.java:130) ~[minecraft-project-@-merged-named.jar:?]
	at net.minecraft.client.util.ProfileKeys.method_44291(ProfileKeys.java:69) ~[minecraft-project-@-merged-named.jar:?]
	at java.util.concurrent.CompletableFuture$AsyncSupply.run(CompletableFuture.java:1768) [?:?]
	at java.util.concurrent.CompletableFuture$AsyncSupply.exec(CompletableFuture.java:1760) [?:?]
	at java.util.concurrent.ForkJoinTask.doExec(ForkJoinTask.java:373) [?:?]
	at java.util.concurrent.ForkJoinPool$WorkQueue.topLevelExec(ForkJoinPool.java:1182) [?:?]
	at java.util.concurrent.ForkJoinPool.scan(ForkJoinPool.java:1655) [?:?]
	at java.util.concurrent.ForkJoinPool.runWorker(ForkJoinPool.java:1622) [?:?]
	at java.util.concurrent.ForkJoinWorkerThread.run(ForkJoinWorkerThread.java:165) [?:?]
[19:57:14] [Server thread/INFO] (Minecraft) Starting integrated minecraft server version 1.19.2
[19:57:14] [Server thread/INFO] (Minecraft) Generating keypair
[19:57:15] [Server thread/INFO] (Minecraft) Preparing start region for dimension minecraft:overworld
[19:57:15] [Worker-Bootstrap-11/INFO] (Minecraft) 4283 Datafixer optimizations took 32737 milliseconds
[19:57:17] [Render thread/INFO] (Minecraft) Preparing spawn area: 0%
[19:57:17] [Render thread/INFO] (Minecraft) Preparing spawn area: 0%
[19:57:17] [Render thread/INFO] (Minecraft) Preparing spawn area: 0%
[19:57:17] [Render thread/INFO] (Minecraft) Preparing spawn area: 0%
[19:57:17] [Render thread/INFO] (Minecraft) Preparing spawn area: 0%
[19:57:17] [Render thread/INFO] (Minecraft) Preparing spawn area: 18%
[19:57:18] [Render thread/INFO] (Minecraft) Preparing spawn area: 83%
[19:57:18] [Render thread/INFO] (Minecraft) Time elapsed: 3164 ms
[19:57:18] [Server thread/INFO] (Minecraft) Changing view distance to 12, from 10
[19:57:18] [Server thread/INFO] (Minecraft) Changing simulation distance to 12, from 0
[19:57:18] [Server thread/INFO] (Minecraft) Player320[local:E:7a936322] logged in with entity id 25 at (-58.94, -44.59949160379398, -120.35)
[19:57:19] [Render thread/WARN] (FabricLoader/Mixin) Method overwrite conflict for getChunks in meteor-client.mixins.json:ClientChunkMapAccessor from mod meteor-client, previously written by baritone.launch.mixins.MixinChunkArray. Skipping method.
[19:57:19] [Server thread/INFO] (Minecraft) Player320 joined the game
[19:57:19] [Render thread/INFO] (Minecraft) [STDOUT]: Baritone world data dir: C:\Users\matti\OneDrive\Documents\GitHub\eze-addon\run\saves\1\.\baritone\minecraft\overworld_384
[19:57:19] [Render thread/INFO] (Minecraft) [STDOUT]: Cached world directory: C:\Users\matti\OneDrive\Documents\GitHub\eze-addon\run\saves\1\.\baritone\minecraft\overworld_384\cache
[19:57:19] [Render thread/INFO] (Minecraft) [STDOUT]: Would save waypoints to C:\Users\matti\OneDrive\Documents\GitHub\eze-addon\run\saves\1\.\baritone\minecraft\overworld_384\waypoints
[19:57:19] [Render thread/INFO] (Minecraft) Loaded 0 advancements
[19:57:19] [pool-2-thread-1/INFO] (Minecraft) [STDOUT]: Loading region -1,-1 from disk C:\Users\matti\OneDrive\Documents\GitHub\eze-addon\run\saves\1\.\baritone\minecraft\overworld_384\cache
[19:57:19] [Render thread/INFO] (Minecraft) [STDOUT]:  0.06;0.29
[19:57:19] [Render thread/INFO] (Minecraft) [STDOUT]:  0.06;0.29
[19:57:19] [Render thread/INFO] (Minecraft) [STDOUT]:  0.06;0.29
[19:57:19] [Render thread/INFO] (Minecraft) [STDOUT]:  0.06;0.29
[19:57:19] [Render thread/INFO] (Minecraft) [STDOUT]:  0.06;0.29
[19:57:19] [Render thread/INFO] (Minecraft) [STDOUT]:  0.06;0.29
[19:57:19] [Render thread/INFO] (Minecraft) [STDOUT]:  0.06;0.29
[19:57:19] [Render thread/INFO] (Minecraft) [STDOUT]:  0.06;0.29
[19:57:19] [Render thread/INFO] (Minecraft) [STDOUT]:  0.06;0.29
[19:57:19] [Render thread/INFO] (Minecraft) [STDOUT]:  0.06;0.29
[19:57:19] [Render thread/INFO] (Minecraft) [STDOUT]:  0.06;0.29
[19:57:19] [Render thread/INFO] (Minecraft) [STDOUT]:  0.06;0.29
[19:57:19] [Render thread/INFO] (Minecraft) [STDOUT]:  0.06;0.29
[19:57:19] [Render thread/INFO] (Minecraft) [STDOUT]:  0.06;0.29
[19:57:19] [Render thread/INFO] (Minecraft) [STDOUT]:  0.06;0.29
[19:57:19] [Render thread/INFO] (Minecraft) [STDOUT]:  0.06;0.29
[19:57:19] [Render thread/INFO] (Minecraft) [STDOUT]:  0.06;0.29
[19:57:19] [pool-2-thread-1/INFO] (Minecraft) [STDOUT]: Loaded region successfully in 437ms
[19:57:19] [Render thread/INFO] (Minecraft) [STDOUT]:  0.06;0.29
[19:57:19] [Render thread/INFO] (Minecraft) [STDOUT]:  0.06;0.29
[19:57:20] [Render thread/INFO] (Minecraft) [STDOUT]:  0.06;0.29
[19:57:20] [Render thread/INFO] (Minecraft) [STDOUT]:  0.06;0.29
[19:57:20] [Render thread/INFO] (Minecraft) [STDOUT]:  0.06;0.29
[19:57:20] [Render thread/INFO] (Minecraft) [STDOUT]:  0.06;0.29
[19:57:20] [Render thread/INFO] (Minecraft) [STDOUT]:  0.06;0.29
[19:57:20] [pool-2-thread-1/INFO] (Minecraft) [STDOUT]: Loading region -1,0 from disk C:\Users\matti\OneDrive\Documents\GitHub\eze-addon\run\saves\1\.\baritone\minecraft\overworld_384\cache
[19:57:20] [Render thread/INFO] (Minecraft) [STDOUT]:  0.06;0.29
[19:57:20] [Render thread/INFO] (Minecraft) [STDOUT]:  0.06;0.29
[19:57:20] [Render thread/INFO] (Minecraft) [STDOUT]:  0.06;0.29
[19:57:20] [pool-2-thread-1/INFO] (Minecraft) [STDOUT]: Loaded region successfully in 136ms
[19:57:20] [Render thread/INFO] (Minecraft) [STDOUT]:  0.06;0.29
[19:57:20] [Render thread/INFO] (Minecraft) [STDOUT]:  0.06;0.29
[19:57:20] [Render thread/INFO] (Minecraft) [STDOUT]:  0.06;0.29
[19:57:20] [Render thread/INFO] (Minecraft) [STDOUT]:  0.06;0.29
[19:57:20] [Render thread/INFO] (Minecraft) [STDOUT]:  0.06;0.29
[19:57:20] [Render thread/INFO] (Minecraft) [STDOUT]:  0.06;0.29
[19:57:20] [Render thread/INFO] (Minecraft) [STDOUT]:  0.06;0.29
[19:57:20] [Render thread/INFO] (Minecraft) [STDOUT]:  0.06;0.29
[19:57:20] [Render thread/INFO] (Minecraft) [STDOUT]:  0.06;0.29
[19:57:20] [Render thread/INFO] (Minecraft) [STDOUT]:  0.06;0.29
[19:57:20] [Render thread/INFO] (Minecraft) [STDOUT]:  0.06;0.29
[19:57:20] [Render thread/INFO] (Minecraft) [STDOUT]:  0.06;0.29
[19:57:21] [Render thread/INFO] (Minecraft) [STDOUT]:  0.06;0.29
[19:57:21] [Render thread/INFO] (Minecraft) [STDOUT]:  0.06;0.29
[19:57:21] [Render thread/INFO] (Minecraft) [STDOUT]:  0.06;0.29
[19:57:21] [Render thread/INFO] (Minecraft) [STDOUT]:  0.06;0.29
[19:57:21] [Render thread/INFO] (Minecraft) [STDOUT]:  0.06;0.29
[19:57:21] [pool-2-thread-1/INFO] (Minecraft) [STDOUT]: Loading region 0,-1 from disk C:\Users\matti\OneDrive\Documents\GitHub\eze-addon\run\saves\1\.\baritone\minecraft\overworld_384\cache
[19:57:21] [Render thread/INFO] (Minecraft) [STDOUT]:  0.06;0.29
[19:57:21] [Render thread/INFO] (Minecraft) [STDOUT]:  0.06;0.29
[19:57:21] [Render thread/INFO] (Minecraft) [STDOUT]:  0.06;0.29
[19:57:21] [Render thread/INFO] (Minecraft) [STDOUT]:  0.06;0.29
[19:57:21] [pool-2-thread-1/INFO] (Minecraft) [STDOUT]: Loaded region successfully in 189ms
[19:57:21] [Render thread/INFO] (Minecraft) [STDOUT]:  0.06;0.29
[19:57:21] [pool-2-thread-1/INFO] (Minecraft) [STDOUT]: Loading region 0,0 from disk C:\Users\matti\OneDrive\Documents\GitHub\eze-addon\run\saves\1\.\baritone\minecraft\overworld_384\cache
[19:57:21] [Render thread/INFO] (Minecraft) [STDOUT]:  0.06;0.29
[19:57:21] [Render thread/INFO] (Minecraft) [STDOUT]:  0.06;0.29
[19:57:21] [Render thread/INFO] (Minecraft) [STDOUT]:  0.06;0.29
[19:57:21] [pool-2-thread-1/INFO] (Minecraft) [STDOUT]: Loaded region successfully in 132ms
[19:57:21] [Render thread/INFO] (Minecraft) [STDOUT]:  0.06;0.29
[19:57:21] [Render thread/INFO] (Minecraft) [STDOUT]:  0.06;0.29
[19:57:21] [Render thread/INFO] (Minecraft) [STDOUT]:  0.06;0.29
[19:57:21] [Render thread/INFO] (Minecraft) [STDOUT]:  0.06;0.29
[19:57:21] [Render thread/INFO] (Minecraft) [STDOUT]:  0.06;0.29
[19:57:21] [Render thread/INFO] (Minecraft) [STDOUT]:  0.06;0.29
[19:57:21] [Render thread/INFO] (Minecraft) [STDOUT]:  0.06;0.29
[19:57:22] [Render thread/INFO] (Minecraft) [STDOUT]:  0.06;0.29
[19:57:22] [Render thread/INFO] (Minecraft) [STDOUT]:  0.06;0.29
[19:57:22] [Render thread/INFO] (Minecraft) [STDOUT]:  0.06;0.29
[19:57:22] [Render thread/INFO] (Minecraft) [STDOUT]:  0.06;0.29
[19:57:22] [Render thread/INFO] (Minecraft) [STDOUT]:  0.06;0.29
[19:57:22] [Render thread/INFO] (Minecraft) [STDOUT]:  0.06;0.29
[19:57:22] [Render thread/INFO] (Minecraft) [STDOUT]:  0.06;0.29
[19:57:22] [Render thread/INFO] (Minecraft) [STDOUT]:  0.06;0.29
[19:57:22] [Render thread/INFO] (Minecraft) [STDOUT]:  0.06;0.29
[19:57:22] [Render thread/INFO] (Minecraft) [STDOUT]:  0.06;0.29
[19:57:22] [Render thread/INFO] (Minecraft) [STDOUT]:  0.06;0.29
[19:57:22] [Render thread/INFO] (Minecraft) [STDOUT]:  0.06;0.29
[19:57:22] [Render thread/INFO] (Minecraft) [STDOUT]:  0.06;0.29
[19:57:22] [Render thread/INFO] (Minecraft) [STDOUT]:  0.06;0.29
[19:57:22] [Render thread/INFO] (Minecraft) [STDOUT]:  0.06;0.29
[19:57:22] [Render thread/INFO] (Minecraft) [STDOUT]:  0.06;0.29
[19:57:22] [Render thread/INFO] (Minecraft) [STDOUT]:  0.06;0.29
[19:57:22] [Render thread/INFO] (Minecraft) [STDOUT]:  0.06;0.29
[19:57:22] [Render thread/INFO] (Minecraft) [STDOUT]:  0.06;0.29
[19:57:22] [Render thread/INFO] (Minecraft) [STDOUT]:  0.06;0.29
[19:57:23] [Render thread/INFO] (Minecraft) [STDOUT]:  0.06;0.29
[19:57:23] [Render thread/INFO] (Minecraft) [STDOUT]:  0.06;0.29
[19:57:23] [Render thread/INFO] (Minecraft) [STDOUT]:  0.06;0.29
[19:57:23] [Render thread/INFO] (Minecraft) [STDOUT]:  0.06;0.29
[19:57:23] [Render thread/INFO] (Minecraft) [STDOUT]:  0.06;0.29
[19:57:23] [Render thread/INFO] (Minecraft) [STDOUT]:  0.06;0.29
[19:57:23] [Render thread/INFO] (Minecraft) [STDOUT]:  0.06;0.29
[19:57:23] [Render thread/INFO] (Minecraft) [STDOUT]:  0.06;0.29
[19:57:23] [Render thread/INFO] (Minecraft) [STDOUT]:  0.06;0.29
[19:57:23] [Render thread/INFO] (Minecraft) [STDOUT]:  0.06;0.29
[19:57:23] [Render thread/INFO] (Minecraft) [STDOUT]:  0.06;0.29
[19:57:23] [Render thread/INFO] (Minecraft) [STDOUT]:  0.06;0.29
[19:57:23] [Render thread/INFO] (Minecraft) [STDOUT]:  0.06;0.29
[19:57:23] [Render thread/INFO] (Minecraft) [STDOUT]:  0.06;0.29
[19:57:23] [Render thread/INFO] (Minecraft) [STDOUT]:  0.06;0.29
[19:57:23] [Render thread/INFO] (Minecraft) [STDOUT]:  0.06;0.29
[19:57:23] [Render thread/INFO] (Minecraft) [STDOUT]:  0.06;0.29
[19:57:23] [Render thread/INFO] (Minecraft) [STDOUT]:  0.06;0.29
[19:57:23] [Render thread/INFO] (Minecraft) [STDOUT]:  0.06;0.29
[19:57:23] [Render thread/INFO] (Minecraft) [STDOUT]:  0.06;0.29
[19:57:24] [Render thread/INFO] (Minecraft) [STDOUT]:  0.06;0.29
[19:57:24] [Render thread/INFO] (Minecraft) [STDOUT]:  0.06;0.29
[19:57:24] [Render thread/INFO] (Minecraft) [STDOUT]:  0.06;0.29
[19:57:24] [Render thread/INFO] (Minecraft) [STDOUT]:  0.06;0.29
[19:57:24] [Render thread/INFO] (Minecraft) [STDOUT]:  0.06;0.29
[19:57:24] [Render thread/INFO] (Minecraft) [STDOUT]:  0.06;0.29
[19:57:24] [Render thread/INFO] (Minecraft) [STDOUT]:  0.06;0.29
[19:57:24] [Render thread/INFO] (Minecraft) [STDOUT]:  0.06;0.29
[19:57:24] [Render thread/INFO] (Minecraft) [STDOUT]:  0.06;0.29
[19:57:24] [Render thread/INFO] (Minecraft) [STDOUT]:  0.06;0.29
[19:57:24] [Render thread/INFO] (Minecraft) [STDOUT]:  0.06;0.29
[19:57:24] [Render thread/INFO] (Minecraft) [STDOUT]:  0.06;0.29
[19:57:24] [Render thread/INFO] (Minecraft) [STDOUT]:  0.06;0.29
[19:57:24] [Render thread/INFO] (Minecraft) [STDOUT]:  0.06;0.29
[19:57:24] [Render thread/INFO] (Minecraft) [STDOUT]:  0.06;0.29
[19:57:24] [Render thread/INFO] (Minecraft) [STDOUT]:  0.06;0.29
[19:57:24] [Render thread/INFO] (Minecraft) [STDOUT]:  0.06;0.29
[19:57:24] [Render thread/INFO] (Minecraft) [STDOUT]:  0.06;0.29
[19:57:24] [Render thread/INFO] (Minecraft) [STDOUT]:  0.06;0.29
[19:57:24] [Render thread/INFO] (Minecraft) [STDOUT]:  0.06;0.29
[19:57:25] [Render thread/INFO] (Minecraft) [STDOUT]:  0.06;0.29
[19:57:25] [Render thread/INFO] (Minecraft) [STDOUT]:  0.06;0.29
[19:57:25] [Render thread/INFO] (Minecraft) [STDOUT]:  0.06;0.29
[19:57:25] [Render thread/INFO] (Minecraft) [STDOUT]:  0.06;0.29
[19:57:25] [Render thread/INFO] (Minecraft) [STDOUT]:  0.06;0.29
[19:57:25] [Render thread/INFO] (Minecraft) [STDOUT]:  0.06;0.29
[19:57:25] [Render thread/INFO] (Minecraft) [STDOUT]:  0.06;0.29
[19:57:25] [Render thread/INFO] (Minecraft) [STDOUT]:  0.06;0.29
[19:57:25] [Render thread/INFO] (Minecraft) [STDOUT]:  0.06;0.29
[19:57:25] [Render thread/INFO] (Minecraft) [STDOUT]:  0.06;0.29
[19:57:25] [Render thread/INFO] (Minecraft) [STDOUT]:  0.06;0.29
[19:57:26] [Render thread/INFO] (Minecraft) [STDOUT]:  0.06;0.29
[19:57:26] [Render thread/INFO] (Minecraft) [STDOUT]:  0.06;0.29
[19:57:26] [Render thread/INFO] (Minecraft) [STDOUT]:  0.06;0.29
[19:57:26] [Render thread/INFO] (Minecraft) [STDOUT]:  0.06;0.29
[19:57:26] [Render thread/INFO] (Minecraft) [STDOUT]:  0.06;0.29
[19:57:26] [Render thread/INFO] (Minecraft) [STDOUT]:  0.06;0.29
[19:57:26] [Render thread/INFO] (Minecraft) [STDOUT]:  0.06;0.29
[19:57:26] [Render thread/INFO] (Minecraft) [STDOUT]:  0.06;0.29
[19:57:26] [Render thread/INFO] (Minecraft) [STDOUT]:  0.06;0.29
[19:57:26] [Render thread/INFO] (Minecraft) [STDOUT]:  0.06;0.29
[19:57:26] [Render thread/INFO] (Minecraft) [STDOUT]:  0.06;0.29
[19:57:26] [Render thread/INFO] (Minecraft) [STDOUT]:  0.06;0.29
[19:57:26] [Render thread/INFO] (Minecraft) [STDOUT]:  0.06;0.29
[19:57:26] [Render thread/INFO] (Minecraft) [STDOUT]:  0.06;0.29
[19:57:26] [Render thread/INFO] (Minecraft) [STDOUT]:  0.06;0.29
[19:57:26] [Render thread/INFO] (Minecraft) [STDOUT]:  0.06;0.29
[19:57:26] [Render thread/INFO] (Minecraft) [STDOUT]:  0.06;0.29
[19:57:26] [Render thread/INFO] (Minecraft) [STDOUT]:  0.06;0.29
[19:57:26] [Render thread/INFO] (Minecraft) [STDOUT]:  0.06;0.29
[19:57:26] [Render thread/INFO] (Minecraft) [STDOUT]:  0.06;0.29
[19:57:26] [Render thread/INFO] (Minecraft) [STDOUT]:  0.06;0.29
[19:57:26] [Render thread/INFO] (Minecraft) [STDOUT]:  0.06;0.29
[19:57:26] [Render thread/INFO] (Minecraft) [STDOUT]:  0.06;0.29
[19:57:26] [Render thread/INFO] (Minecraft) [STDOUT]:  0.06;0.29
[19:57:26] [Render thread/INFO] (Minecraft) [STDOUT]:  0.06;0.29
[19:57:27] [Render thread/INFO] (Minecraft) [STDOUT]:  0.06;0.29
[19:57:27] [Render thread/INFO] (Minecraft) [STDOUT]:  0.06;0.29
[19:57:27] [Render thread/INFO] (Minecraft) [STDOUT]:  0.06;0.29
[19:57:27] [Render thread/INFO] (Minecraft) [STDOUT]:  0.06;0.29
[19:57:27] [Render thread/INFO] (Minecraft) [STDOUT]:  0.06;0.29
[19:57:27] [Render thread/INFO] (Minecraft) [STDOUT]:  0.06;0.29
[19:57:27] [Render thread/INFO] (Minecraft) [STDOUT]:  0.06;0.29
[19:57:27] [Render thread/INFO] (Minecraft) [STDOUT]:  0.06;0.29
[19:57:27] [Render thread/INFO] (Minecraft) [STDOUT]:  0.06;0.29
[19:57:27] [Render thread/INFO] (Minecraft) [STDOUT]:  0.06;0.29
[19:57:27] [Render thread/INFO] (Minecraft) [STDOUT]:  0.06;0.29
[19:57:27] [Render thread/INFO] (Minecraft) [STDOUT]:  0.06;0.29
[19:57:27] [Render thread/INFO] (Minecraft) [STDOUT]:  0.06;0.29
[19:57:27] [Render thread/INFO] (Minecraft) [STDOUT]:  0.06;0.29
[19:57:27] [Render thread/INFO] (Minecraft) [STDOUT]:  0.06;0.29
[19:57:27] [Render thread/INFO] (Minecraft) [STDOUT]:  0.06;0.29
[19:57:27] [Render thread/INFO] (Minecraft) [STDOUT]:  0.06;0.29
[19:57:27] [Render thread/INFO] (Minecraft) [STDOUT]:  0.06;0.29
[19:57:27] [Render thread/INFO] (Minecraft) [STDOUT]:  0.06;0.29
[19:57:27] [Render thread/INFO] (Minecraft) [STDOUT]:  0.06;0.29
[19:57:28] [Render thread/INFO] (Minecraft) [STDOUT]:  0.06;0.29
[19:57:28] [Render thread/INFO] (Minecraft) [STDOUT]:  0.06;0.29
[19:57:28] [Render thread/INFO] (Minecraft) [STDOUT]:  0.06;0.29
[19:57:28] [Render thread/INFO] (Minecraft) [STDOUT]:  0.06;0.29
[19:57:28] [Render thread/INFO] (Minecraft) [STDOUT]:  0.06;0.29
[19:57:28] [Render thread/INFO] (Minecraft) [STDOUT]:  0.06;0.29
[19:57:28] [Render thread/INFO] (Minecraft) [STDOUT]:  0.06;0.29
[19:57:28] [Render thread/INFO] (Minecraft) [STDOUT]:  0.06;0.29
[19:57:28] [Render thread/INFO] (Minecraft) [STDOUT]:  0.06;0.29
[19:57:28] [Render thread/INFO] (Minecraft) [STDOUT]:  0.06;0.29
[19:57:28] [Render thread/INFO] (Minecraft) [STDOUT]:  0.06;0.29
[19:57:28] [Render thread/INFO] (Minecraft) [STDOUT]:  0.06;0.29
[19:57:28] [Render thread/INFO] (Minecraft) [STDOUT]:  0.06;0.29
[19:57:28] [Render thread/INFO] (Minecraft) [STDOUT]:  0.06;0.29
[19:57:28] [Render thread/INFO] (Minecraft) [STDOUT]:  0.06;0.29
[19:57:28] [Render thread/INFO] (Minecraft) [STDOUT]:  0.06;0.29
[19:57:28] [Render thread/INFO] (Minecraft) [STDOUT]:  0.06;0.29
[19:57:28] [Render thread/INFO] (Minecraft) [STDOUT]:  0.06;0.29
[19:57:28] [Render thread/INFO] (Minecraft) [STDOUT]:  0.06;0.29
[19:57:28] [Render thread/INFO] (Minecraft) [STDOUT]:  0.06;0.29
[19:57:28] [Render thread/INFO] (Minecraft) [STDOUT]:  0.06;0.29
[19:57:29] [Render thread/INFO] (Minecraft) [STDOUT]:  0.06;0.29
[19:57:29] [Render thread/INFO] (Minecraft) [STDOUT]:  0.06;0.29
[19:57:29] [Render thread/INFO] (Minecraft) [STDOUT]:  0.06;0.29
[19:57:29] [Render thread/INFO] (Minecraft) [STDOUT]:  0.06;0.29
[19:57:29] [Render thread/INFO] (Minecraft) [STDOUT]:  0.06;0.29
[19:57:29] [Render thread/INFO] (Minecraft) [STDOUT]:  0.06;0.29
[19:57:29] [Render thread/INFO] (Minecraft) [STDOUT]:  0.04;0.29
[19:57:29] [Render thread/INFO] (Minecraft) [STDOUT]:  0.04;0.29
[19:57:29] [Render thread/INFO] (Minecraft) [STDOUT]:  0.04;0.29
[19:57:29] [Render thread/INFO] (Minecraft) [STDOUT]:  0.04;0.29
[19:57:29] [Render thread/INFO] (Minecraft) [STDOUT]:  0.04;0.29
[19:57:29] [Render thread/INFO] (Minecraft) [STDOUT]:  0.04;0.29
[19:57:29] [Render thread/INFO] (Minecraft) [STDOUT]:  0.04;0.29
[19:57:29] [Render thread/INFO] (Minecraft) [STDOUT]:  0.04;0.29
[19:57:29] [Render thread/INFO] (Minecraft) [STDOUT]:  0.04;0.29
[19:57:29] [Render thread/INFO] (Minecraft) [STDOUT]:  0.04;0.08
[19:57:29] [Render thread/INFO] (Minecraft) [STDOUT]:  0.04;0.08
[19:57:29] [Render thread/INFO] (Minecraft) [STDOUT]:  0.04;0.08
[19:57:29] [Render thread/INFO] (Minecraft) [STDOUT]:  0.04;0.08
[19:57:30] [Render thread/INFO] (Minecraft) [STDOUT]:  0.04;0.08
[19:57:30] [Render thread/INFO] (Minecraft) [STDOUT]:  0.04;0.08
[19:57:30] [Render thread/INFO] (Minecraft) [STDOUT]:  0.04;0.08
[19:57:30] [Render thread/INFO] (Minecraft) [STDOUT]:  0.04;0.08
[19:57:30] [Render thread/INFO] (Minecraft) [STDOUT]:  0.04;0.08
[19:57:30] [Render thread/INFO] (Minecraft) [STDOUT]:  0.04;0.08
[19:57:30] [Render thread/INFO] (Minecraft) [STDOUT]:  0.04;0.08
[19:57:30] [Render thread/INFO] (Minecraft) [STDOUT]:  0.04;0.08
[19:57:30] [Render thread/INFO] (Minecraft) [STDOUT]:  0.04;0.08
[19:57:30] [Render thread/INFO] (Minecraft) [STDOUT]:  0.04;0.08
[19:57:30] [Render thread/INFO] (Minecraft) [STDOUT]:  0.04;0.08
[19:57:30] [Render thread/INFO] (Minecraft) [STDOUT]:  0.04;0.08
[19:57:30] [Render thread/INFO] (Minecraft) [STDOUT]:  0.04;0.08
[19:57:30] [Render thread/INFO] (Minecraft) [STDOUT]:  0.04;0.08
[19:57:30] [Render thread/INFO] (Minecraft) [STDOUT]:  0.04;0.08
[19:57:30] [Render thread/INFO] (Minecraft) [STDOUT]:  0.04;0.08
[19:57:30] [Render thread/INFO] (Minecraft) [STDOUT]:  0.04;0.08
[19:57:30] [Render thread/INFO] (Minecraft) [STDOUT]:  0.04;0.08
[19:57:30] [Render thread/INFO] (Minecraft) [STDOUT]:  0.04;0.08
[19:57:30] [Render thread/INFO] (Minecraft) [STDOUT]:  0.04;0.08
[19:57:31] [Render thread/INFO] (Minecraft) [STDOUT]:  0.04;0.08
[19:57:31] [Render thread/INFO] (Minecraft) [STDOUT]:  0.04;0.08
[19:57:31] [Render thread/INFO] (Minecraft) [STDOUT]:  0.04;0.08
[19:57:31] [Render thread/INFO] (Minecraft) [STDOUT]:  0.04;0.08
[19:57:31] [Render thread/INFO] (Minecraft) [STDOUT]:  0.04;0.08
[19:57:31] [Render thread/INFO] (Minecraft) [STDOUT]:  0.04;0.08
[19:57:31] [Render thread/INFO] (Minecraft) [STDOUT]:  0.04;0.08
[19:57:31] [Render thread/INFO] (Minecraft) [STDOUT]:  0.04;0.08
[19:57:31] [Render thread/INFO] (Minecraft) [STDOUT]:  0.04;0.08
[19:57:31] [Render thread/INFO] (Minecraft) [STDOUT]:  0.04;0.08
[19:57:31] [Render thread/INFO] (Minecraft) [STDOUT]:  0.04;0.08
[19:57:31] [Render thread/INFO] (Minecraft) [STDOUT]:  0.04;0.08
[19:57:31] [Render thread/INFO] (Minecraft) [STDOUT]:  0.04;0.08
[19:57:31] [Render thread/INFO] (Minecraft) [STDOUT]:  0.04;0.08
[19:57:31] [Render thread/INFO] (Minecraft) [STDOUT]:  0.04;0.08
[19:57:31] [Render thread/INFO] (Minecraft) [STDOUT]:  0.04;0.08
[19:57:31] [Render thread/INFO] (Minecraft) [STDOUT]:  0.04;0.08
[19:57:31] [Render thread/INFO] (Minecraft) [STDOUT]:  0.04;0.08
[19:57:31] [Render thread/INFO] (Minecraft) [STDOUT]:  0.04;0.08
[19:57:31] [Render thread/INFO] (Minecraft) [STDOUT]:  0.04;0.08
[19:57:32] [Render thread/INFO] (Minecraft) [STDOUT]:  0.04;0.08
[19:57:32] [Render thread/INFO] (Minecraft) [STDOUT]:  0.04;0.08
[19:57:32] [Render thread/INFO] (Minecraft) [STDOUT]:  0.04;0.08
[19:57:32] [Render thread/INFO] (Minecraft) [STDOUT]:  0.04;0.08
[19:57:32] [Render thread/INFO] (Minecraft) [STDOUT]:  0.04;0.08
[19:57:32] [Render thread/INFO] (Minecraft) [STDOUT]:  0.04;0.08
[19:57:32] [Render thread/INFO] (Minecraft) [STDOUT]:  0.04;0.08
[19:57:32] [Render thread/INFO] (Minecraft) [STDOUT]:  0.04;0.08
[19:57:32] [Render thread/INFO] (Minecraft) [STDOUT]:  0.04;0.08
[19:57:32] [Render thread/INFO] (Minecraft) [STDOUT]:  0.04;0.08
[19:57:32] [Render thread/INFO] (Minecraft) [STDOUT]:  0.04;0.08
[19:57:32] [Render thread/INFO] (Minecraft) [STDOUT]:  0.04;0.08
[19:57:32] [Render thread/INFO] (Minecraft) [STDOUT]:  0.04;0.08
[19:57:32] [Render thread/INFO] (Minecraft) [STDOUT]:  0.04;0.08
[19:57:32] [Render thread/INFO] (Minecraft) [STDOUT]:  0.04;0.08
[19:57:32] [Render thread/INFO] (Minecraft) [STDOUT]:  0.04;0.08
[19:57:32] [Render thread/INFO] (Minecraft) [STDOUT]:  0.04;0.08
[19:57:32] [Render thread/INFO] (Minecraft) [STDOUT]:  0.04;0.08
[19:57:32] [Render thread/INFO] (Minecraft) [STDOUT]:  0.04;0.08
[19:57:32] [Render thread/INFO] (Minecraft) [STDOUT]:  0.04;0.08
[19:57:33] [Render thread/INFO] (Minecraft) [STDOUT]:  0.04;0.08
[19:57:33] [Render thread/INFO] (Minecraft) [STDOUT]:  0.04;0.08
[19:57:33] [Render thread/INFO] (Minecraft) [STDOUT]:  0.04;0.08
[19:57:33] [Render thread/INFO] (Minecraft) [STDOUT]:  0.04;0.08
[19:57:33] [Render thread/INFO] (Minecraft) [STDOUT]:  0.04;0.08
[19:57:33] [Render thread/INFO] (Minecraft) [STDOUT]:  0.04;0.08
[19:57:33] [Render thread/INFO] (Minecraft) [STDOUT]:  0.04;0.08
[19:57:33] [Render thread/INFO] (Minecraft) [STDOUT]:  0.04;0.08
[19:57:33] [Render thread/INFO] (Minecraft) [STDOUT]:  0.04;0.08
[19:57:33] [Render thread/INFO] (Minecraft) [STDOUT]:  0.04;0.08
[19:57:33] [Render thread/INFO] (Minecraft) [STDOUT]:  0.04;0.08
[19:57:33] [Render thread/INFO] (Minecraft) [STDOUT]:  0.04;0.08
[19:57:33] [Render thread/INFO] (Minecraft) [STDOUT]:  0.04;0.08
[19:57:33] [Render thread/INFO] (Minecraft) [STDOUT]:  0.04;0.08
[19:57:33] [Render thread/INFO] (Minecraft) [STDOUT]:  0.04;0.08
[19:57:33] [Render thread/INFO] (Minecraft) [STDOUT]:  0.04;0.08
[19:57:33] [Render thread/INFO] (Minecraft) [STDOUT]:  0.04;0.08
[19:57:33] [Render thread/INFO] (Minecraft) [STDOUT]:  0.04;0.08
[19:57:33] [Render thread/INFO] (Minecraft) [STDOUT]:  0.04;0.08
[19:57:33] [Render thread/INFO] (Minecraft) [STDOUT]:  0.04;0.08
[19:57:34] [Render thread/INFO] (Minecraft) [STDOUT]:  0.04;0.08
[19:57:34] [Render thread/INFO] (Minecraft) [STDOUT]:  0.04;0.08
[19:57:34] [Render thread/INFO] (Minecraft) [STDOUT]:  0.04;0.08
[19:57:34] [Render thread/INFO] (Minecraft) [STDOUT]:  0.04;0.08
[19:57:34] [Render thread/INFO] (Minecraft) [STDOUT]:  0.04;0.08
[19:57:34] [Render thread/INFO] (Minecraft) [STDOUT]:  0.04;0.08
[19:57:34] [Render thread/INFO] (Minecraft) [STDOUT]:  0.04;0.08
[19:57:34] [Render thread/INFO] (Minecraft) [STDOUT]:  0.04;0.08
[19:57:34] [Render thread/INFO] (Minecraft) [STDOUT]:  0.04;0.08
[19:57:34] [Render thread/INFO] (Minecraft) [STDOUT]:  0.04;0.08
[19:57:34] [Render thread/INFO] (Minecraft) [STDOUT]:  0.04;0.08
[19:57:34] [Server thread/INFO] (Minecraft) Saving and pausing game...
[19:57:34] [Server thread/INFO] (Minecraft) Saving chunks for level 'ServerLevel[1]'/minecraft:overworld
[19:57:34] [Server thread/INFO] (Minecraft) Saving chunks for level 'ServerLevel[1]'/minecraft:the_end
[19:57:34] [Server thread/INFO] (Minecraft) Saving chunks for level 'ServerLevel[1]'/minecraft:the_nether
[19:57:34] [Render thread/INFO] (Minecraft) [STDOUT]:  0.04;0.08
[19:57:34] [Render thread/INFO] (Minecraft) [STDOUT]:  0.04;0.08
[19:57:34] [Render thread/INFO] (Minecraft) [STDOUT]:  0.04;0.08
[19:57:34] [Render thread/INFO] (Minecraft) [STDOUT]:  0.04;0.08
[19:57:34] [Render thread/INFO] (Minecraft) [STDOUT]:  0.04;0.08
[19:57:34] [Render thread/INFO] (Minecraft) [STDOUT]:  0.04;0.08
[19:57:34] [Render thread/INFO] (Minecraft) [STDOUT]:  0.04;0.08
[19:57:34] [Render thread/INFO] (Minecraft) [STDOUT]:  0.04;0.08
[19:57:34] [Render thread/INFO] (Minecraft) [STDOUT]:  0.04;0.08
[19:57:34] [Render thread/INFO] (Minecraft) [STDOUT]:  0.04;0.08
[19:57:35] [Render thread/INFO] (Meteor Client) Saving
[19:57:35] [Render thread/INFO] (Meteor Client) Saved in 50 milliseconds.
[19:57:35] [Server thread/INFO] (Minecraft) Player320 lost connection: Disconnected
[19:57:35] [Server thread/INFO] (Minecraft) Player320 left the game
[19:57:35] [Server thread/INFO] (Minecraft) Stopping singleplayer server as player logged out
[19:57:35] [Server thread/INFO] (Minecraft) Stopping server
[19:57:35] [Server thread/INFO] (Minecraft) Saving players
[19:57:35] [Server thread/INFO] (Minecraft) Saving worlds
[19:57:35] [Server thread/INFO] (Minecraft) Saving chunks for level 'ServerLevel[1]'/minecraft:overworld
[19:57:35] [Server thread/INFO] (Minecraft) Saving chunks for level 'ServerLevel[1]'/minecraft:the_end
[19:57:35] [Server thread/INFO] (Minecraft) Saving chunks for level 'ServerLevel[1]'/minecraft:the_nether
[19:57:35] [Server thread/INFO] (Minecraft) ThreadedAnvilChunkStorage (1): All chunks are saved
[19:57:35] [Server thread/INFO] (Minecraft) ThreadedAnvilChunkStorage (DIM1): All chunks are saved
[19:57:35] [Server thread/INFO] (Minecraft) ThreadedAnvilChunkStorage (DIM-1): All chunks are saved
[19:57:35] [Server thread/INFO] (Minecraft) ThreadedAnvilChunkStorage: All dimensions are saved
[19:57:35] [Render thread/INFO] (Minecraft) Stopping!
[19:57:35] [Thread-5/INFO] (Meteor Client) Saving
